0 info it worked if it ends with ok
1 verbose cli [ 'C:\\Program Files\\nodejs\\node.exe',
1 verbose cli   'C:\\Program Files\\nodejs\\node_modules\\npm\\bin\\npm-cli.js',
1 verbose cli   'update' ]
2 info using npm@3.10.10
3 info using node@v6.11.3
4 silly mapToRegistry name bip39
5 silly mapToRegistry using default registry
6 silly mapToRegistry registry https://registry.npmjs.org/
7 silly mapToRegistry data Result {
7 silly mapToRegistry   raw: 'bip39',
7 silly mapToRegistry   scope: null,
7 silly mapToRegistry   escapedName: 'bip39',
7 silly mapToRegistry   name: 'bip39',
7 silly mapToRegistry   rawSpec: '',
7 silly mapToRegistry   spec: 'latest',
7 silly mapToRegistry   type: 'tag' }
8 silly mapToRegistry uri https://registry.npmjs.org/bip39
9 silly mapToRegistry name ethereumjs-wallet
10 silly mapToRegistry using default registry
11 silly mapToRegistry registry https://registry.npmjs.org/
12 silly mapToRegistry data Result {
12 silly mapToRegistry   raw: 'ethereumjs-wallet',
12 silly mapToRegistry   scope: null,
12 silly mapToRegistry   escapedName: 'ethereumjs-wallet',
12 silly mapToRegistry   name: 'ethereumjs-wallet',
12 silly mapToRegistry   rawSpec: '',
12 silly mapToRegistry   spec: 'latest',
12 silly mapToRegistry   type: 'tag' }
13 silly mapToRegistry uri https://registry.npmjs.org/ethereumjs-wallet
14 silly mapToRegistry name scryptsy
15 silly mapToRegistry using default registry
16 silly mapToRegistry registry https://registry.npmjs.org/
17 silly mapToRegistry data Result {
17 silly mapToRegistry   raw: 'scryptsy',
17 silly mapToRegistry   scope: null,
17 silly mapToRegistry   escapedName: 'scryptsy',
17 silly mapToRegistry   name: 'scryptsy',
17 silly mapToRegistry   rawSpec: '',
17 silly mapToRegistry   spec: 'latest',
17 silly mapToRegistry   type: 'tag' }
18 silly mapToRegistry uri https://registry.npmjs.org/scryptsy
19 silly mapToRegistry name web3-bzz
20 silly mapToRegistry using default registry
21 silly mapToRegistry registry https://registry.npmjs.org/
22 silly mapToRegistry data Result {
22 silly mapToRegistry   raw: 'web3-bzz',
22 silly mapToRegistry   scope: null,
22 silly mapToRegistry   escapedName: 'web3-bzz',
22 silly mapToRegistry   name: 'web3-bzz',
22 silly mapToRegistry   rawSpec: '',
22 silly mapToRegistry   spec: 'latest',
22 silly mapToRegistry   type: 'tag' }
23 silly mapToRegistry uri https://registry.npmjs.org/web3-bzz
24 silly mapToRegistry name web3-eth-contract
25 silly mapToRegistry using default registry
26 silly mapToRegistry registry https://registry.npmjs.org/
27 silly mapToRegistry data Result {
27 silly mapToRegistry   raw: 'web3-eth-contract',
27 silly mapToRegistry   scope: null,
27 silly mapToRegistry   escapedName: 'web3-eth-contract',
27 silly mapToRegistry   name: 'web3-eth-contract',
27 silly mapToRegistry   rawSpec: '',
27 silly mapToRegistry   spec: 'latest',
27 silly mapToRegistry   type: 'tag' }
28 silly mapToRegistry uri https://registry.npmjs.org/web3-eth-contract
29 silly mapToRegistry name web3-eth-personal
30 silly mapToRegistry using default registry
31 silly mapToRegistry registry https://registry.npmjs.org/
32 silly mapToRegistry data Result {
32 silly mapToRegistry   raw: 'web3-eth-personal',
32 silly mapToRegistry   scope: null,
32 silly mapToRegistry   escapedName: 'web3-eth-personal',
32 silly mapToRegistry   name: 'web3-eth-personal',
32 silly mapToRegistry   rawSpec: '',
32 silly mapToRegistry   spec: 'latest',
32 silly mapToRegistry   type: 'tag' }
33 silly mapToRegistry uri https://registry.npmjs.org/web3-eth-personal
34 silly mapToRegistry name web3-provider-engine
35 silly mapToRegistry using default registry
36 silly mapToRegistry registry https://registry.npmjs.org/
37 silly mapToRegistry data Result {
37 silly mapToRegistry   raw: 'web3-provider-engine',
37 silly mapToRegistry   scope: null,
37 silly mapToRegistry   escapedName: 'web3-provider-engine',
37 silly mapToRegistry   name: 'web3-provider-engine',
37 silly mapToRegistry   rawSpec: '',
37 silly mapToRegistry   spec: 'latest',
37 silly mapToRegistry   type: 'tag' }
38 silly mapToRegistry uri https://registry.npmjs.org/web3-provider-engine
39 silly mapToRegistry name web3-shh
40 silly mapToRegistry using default registry
41 silly mapToRegistry registry https://registry.npmjs.org/
42 silly mapToRegistry data Result {
42 silly mapToRegistry   raw: 'web3-shh',
42 silly mapToRegistry   scope: null,
42 silly mapToRegistry   escapedName: 'web3-shh',
42 silly mapToRegistry   name: 'web3-shh',
42 silly mapToRegistry   rawSpec: '',
42 silly mapToRegistry   spec: 'latest',
42 silly mapToRegistry   type: 'tag' }
43 silly mapToRegistry uri https://registry.npmjs.org/web3-shh
44 verbose request uri https://registry.npmjs.org/bip39
45 verbose request no auth needed
46 info attempt registry request try #1 at 11:47:09 AM
47 verbose request id ea41575f2bbb8289
48 verbose etag W/"59bc6fae-4c56"
49 verbose lastModified Sat, 16 Sep 2017 00:26:22 GMT
50 http request GET https://registry.npmjs.org/bip39
51 verbose request uri https://registry.npmjs.org/ethereumjs-wallet
52 verbose request no auth needed
53 info attempt registry request try #1 at 11:47:09 AM
54 verbose etag W/"59ce4041-4af5"
55 verbose lastModified Fri, 29 Sep 2017 12:44:49 GMT
56 http request GET https://registry.npmjs.org/ethereumjs-wallet
57 verbose request uri https://registry.npmjs.org/scryptsy
58 verbose request no auth needed
59 info attempt registry request try #1 at 11:47:09 AM
60 verbose etag W/"59d647ca-348d"
61 verbose lastModified Thu, 05 Oct 2017 14:55:06 GMT
62 http request GET https://registry.npmjs.org/scryptsy
63 verbose request uri https://registry.npmjs.org/web3-bzz
64 verbose request no auth needed
65 info attempt registry request try #1 at 11:47:09 AM
66 verbose etag W/"59e9ca10-38db"
67 verbose lastModified Fri, 20 Oct 2017 10:04:00 GMT
68 http request GET https://registry.npmjs.org/web3-bzz
69 verbose request uri https://registry.npmjs.org/web3-eth-contract
70 verbose request no auth needed
71 info attempt registry request try #1 at 11:47:09 AM
72 verbose etag W/"59e9ca94-60c0"
73 verbose lastModified Fri, 20 Oct 2017 10:06:12 GMT
74 http request GET https://registry.npmjs.org/web3-eth-contract
75 verbose request uri https://registry.npmjs.org/web3-eth-personal
76 verbose request no auth needed
77 info attempt registry request try #1 at 11:47:09 AM
78 verbose etag W/"59e9ca9a-5a84"
79 verbose lastModified Fri, 20 Oct 2017 10:06:18 GMT
80 http request GET https://registry.npmjs.org/web3-eth-personal
81 verbose request uri https://registry.npmjs.org/web3-shh
82 verbose request no auth needed
83 info attempt registry request try #1 at 11:47:09 AM
84 verbose etag W/"59e8ab05-4b31"
85 verbose lastModified Thu, 19 Oct 2017 13:39:17 GMT
86 http request GET https://registry.npmjs.org/web3-shh
87 verbose request uri https://registry.npmjs.org/web3-provider-engine
88 verbose request no auth needed
89 info attempt registry request try #1 at 11:47:09 AM
90 verbose etag W/"59ef8ae4-3d3f0"
91 verbose lastModified Tue, 24 Oct 2017 18:48:04 GMT
92 http request GET https://registry.npmjs.org/web3-provider-engine
93 http 304 https://registry.npmjs.org/ethereumjs-wallet
94 verbose headers { date: 'Wed, 25 Oct 2017 08:47:10 GMT',
94 verbose headers   via: '1.1 varnish',
94 verbose headers   'cache-control': 'max-age=300',
94 verbose headers   etag: 'W/"59ce4041-4af5"',
94 verbose headers   age: '254',
94 verbose headers   connection: 'keep-alive',
94 verbose headers   'x-served-by': 'cache-hhn1520-HHN',
94 verbose headers   'x-cache': 'HIT',
94 verbose headers   'x-cache-hits': '1',
94 verbose headers   'x-timer': 'S1508921231.901038,VS0,VE0',
94 verbose headers   vary: 'Accept-Encoding, Accept' }
95 silly get cb [ 304,
95 silly get   { date: 'Wed, 25 Oct 2017 08:47:10 GMT',
95 silly get     via: '1.1 varnish',
95 silly get     'cache-control': 'max-age=300',
95 silly get     etag: 'W/"59ce4041-4af5"',
95 silly get     age: '254',
95 silly get     connection: 'keep-alive',
95 silly get     'x-served-by': 'cache-hhn1520-HHN',
95 silly get     'x-cache': 'HIT',
95 silly get     'x-cache-hits': '1',
95 silly get     'x-timer': 'S1508921231.901038,VS0,VE0',
95 silly get     vary: 'Accept-Encoding, Accept' } ]
96 verbose etag https://registry.npmjs.org/ethereumjs-wallet from cache
97 verbose get saving ethereumjs-wallet to C:\Users\Stepan Poperechnyi\AppData\Roaming\npm-cache\registry.npmjs.org\ethereumjs-wallet\.cache.json
98 verbose correctMkdir C:\Users\Stepan Poperechnyi\AppData\Roaming\npm-cache correctMkdir not in flight; initializing
99 http 304 https://registry.npmjs.org/bip39
100 verbose headers { date: 'Wed, 25 Oct 2017 08:47:10 GMT',
100 verbose headers   via: '1.1 varnish',
100 verbose headers   'cache-control': 'max-age=300',
100 verbose headers   etag: 'W/"59bc6fae-4c56"',
100 verbose headers   age: '254',
100 verbose headers   connection: 'keep-alive',
100 verbose headers   'x-served-by': 'cache-hhn1523-HHN',
100 verbose headers   'x-cache': 'HIT',
100 verbose headers   'x-cache-hits': '1',
100 verbose headers   'x-timer': 'S1508921231.901269,VS0,VE0',
100 verbose headers   vary: 'Accept-Encoding, Accept' }
101 silly get cb [ 304,
101 silly get   { date: 'Wed, 25 Oct 2017 08:47:10 GMT',
101 silly get     via: '1.1 varnish',
101 silly get     'cache-control': 'max-age=300',
101 silly get     etag: 'W/"59bc6fae-4c56"',
101 silly get     age: '254',
101 silly get     connection: 'keep-alive',
101 silly get     'x-served-by': 'cache-hhn1523-HHN',
101 silly get     'x-cache': 'HIT',
101 silly get     'x-cache-hits': '1',
101 silly get     'x-timer': 'S1508921231.901269,VS0,VE0',
101 silly get     vary: 'Accept-Encoding, Accept' } ]
102 verbose etag https://registry.npmjs.org/bip39 from cache
103 verbose get saving bip39 to C:\Users\Stepan Poperechnyi\AppData\Roaming\npm-cache\registry.npmjs.org\bip39\.cache.json
104 verbose correctMkdir C:\Users\Stepan Poperechnyi\AppData\Roaming\npm-cache correctMkdir already in flight; waiting
105 http 304 https://registry.npmjs.org/web3-provider-engine
106 verbose headers { date: 'Wed, 25 Oct 2017 08:47:10 GMT',
106 verbose headers   via: '1.1 varnish',
106 verbose headers   'cache-control': 'max-age=300',
106 verbose headers   etag: 'W/"59ef8ae4-3d3f0"',
106 verbose headers   age: '254',
106 verbose headers   connection: 'keep-alive',
106 verbose headers   'x-served-by': 'cache-hhn1524-HHN',
106 verbose headers   'x-cache': 'HIT',
106 verbose headers   'x-cache-hits': '1',
106 verbose headers   'x-timer': 'S1508921231.941335,VS0,VE0',
106 verbose headers   vary: 'Accept-Encoding, Accept' }
107 silly get cb [ 304,
107 silly get   { date: 'Wed, 25 Oct 2017 08:47:10 GMT',
107 silly get     via: '1.1 varnish',
107 silly get     'cache-control': 'max-age=300',
107 silly get     etag: 'W/"59ef8ae4-3d3f0"',
107 silly get     age: '254',
107 silly get     connection: 'keep-alive',
107 silly get     'x-served-by': 'cache-hhn1524-HHN',
107 silly get     'x-cache': 'HIT',
107 silly get     'x-cache-hits': '1',
107 silly get     'x-timer': 'S1508921231.941335,VS0,VE0',
107 silly get     vary: 'Accept-Encoding, Accept' } ]
108 verbose etag https://registry.npmjs.org/web3-provider-engine from cache
109 verbose get saving web3-provider-engine to C:\Users\Stepan Poperechnyi\AppData\Roaming\npm-cache\registry.npmjs.org\web3-provider-engine\.cache.json
110 verbose correctMkdir C:\Users\Stepan Poperechnyi\AppData\Roaming\npm-cache correctMkdir not in flight; initializing
111 http 304 https://registry.npmjs.org/web3-eth-contract
112 verbose headers { date: 'Wed, 25 Oct 2017 08:47:10 GMT',
112 verbose headers   via: '1.1 varnish',
112 verbose headers   'cache-control': 'max-age=300',
112 verbose headers   etag: 'W/"59e9ca94-60c0"',
112 verbose headers   age: '0',
112 verbose headers   connection: 'keep-alive',
112 verbose headers   'x-served-by': 'cache-hhn1543-HHN',
112 verbose headers   'x-cache': 'HIT',
112 verbose headers   'x-cache-hits': '1',
112 verbose headers   'x-timer': 'S1508921231.916410,VS0,VE111',
112 verbose headers   vary: 'Accept-Encoding, Accept' }
113 silly get cb [ 304,
113 silly get   { date: 'Wed, 25 Oct 2017 08:47:10 GMT',
113 silly get     via: '1.1 varnish',
113 silly get     'cache-control': 'max-age=300',
113 silly get     etag: 'W/"59e9ca94-60c0"',
113 silly get     age: '0',
113 silly get     connection: 'keep-alive',
113 silly get     'x-served-by': 'cache-hhn1543-HHN',
113 silly get     'x-cache': 'HIT',
113 silly get     'x-cache-hits': '1',
113 silly get     'x-timer': 'S1508921231.916410,VS0,VE111',
113 silly get     vary: 'Accept-Encoding, Accept' } ]
114 verbose etag https://registry.npmjs.org/web3-eth-contract from cache
115 verbose get saving web3-eth-contract to C:\Users\Stepan Poperechnyi\AppData\Roaming\npm-cache\registry.npmjs.org\web3-eth-contract\.cache.json
116 verbose correctMkdir C:\Users\Stepan Poperechnyi\AppData\Roaming\npm-cache correctMkdir not in flight; initializing
117 http 304 https://registry.npmjs.org/scryptsy
118 verbose headers { date: 'Wed, 25 Oct 2017 08:47:10 GMT',
118 verbose headers   via: '1.1 varnish',
118 verbose headers   'cache-control': 'max-age=300',
118 verbose headers   etag: 'W/"59d647ca-348d"',
118 verbose headers   age: '0',
118 verbose headers   connection: 'keep-alive',
118 verbose headers   'x-served-by': 'cache-hhn1529-HHN',
118 verbose headers   'x-cache': 'HIT',
118 verbose headers   'x-cache-hits': '1',
118 verbose headers   'x-timer': 'S1508921231.932427,VS0,VE95',
118 verbose headers   vary: 'Accept-Encoding, Accept' }
119 silly get cb [ 304,
119 silly get   { date: 'Wed, 25 Oct 2017 08:47:10 GMT',
119 silly get     via: '1.1 varnish',
119 silly get     'cache-control': 'max-age=300',
119 silly get     etag: 'W/"59d647ca-348d"',
119 silly get     age: '0',
119 silly get     connection: 'keep-alive',
119 silly get     'x-served-by': 'cache-hhn1529-HHN',
119 silly get     'x-cache': 'HIT',
119 silly get     'x-cache-hits': '1',
119 silly get     'x-timer': 'S1508921231.932427,VS0,VE95',
119 silly get     vary: 'Accept-Encoding, Accept' } ]
120 verbose etag https://registry.npmjs.org/scryptsy from cache
121 verbose get saving scryptsy to C:\Users\Stepan Poperechnyi\AppData\Roaming\npm-cache\registry.npmjs.org\scryptsy\.cache.json
122 verbose correctMkdir C:\Users\Stepan Poperechnyi\AppData\Roaming\npm-cache correctMkdir not in flight; initializing
123 http 304 https://registry.npmjs.org/web3-shh
124 verbose headers { date: 'Wed, 25 Oct 2017 08:47:10 GMT',
124 verbose headers   via: '1.1 varnish',
124 verbose headers   'cache-control': 'max-age=300',
124 verbose headers   etag: 'W/"59e8ab05-4b31"',
124 verbose headers   age: '0',
124 verbose headers   connection: 'keep-alive',
124 verbose headers   'x-served-by': 'cache-hhn1525-HHN',
124 verbose headers   'x-cache': 'HIT',
124 verbose headers   'x-cache-hits': '1',
124 verbose headers   'x-timer': 'S1508921231.924787,VS0,VE103',
124 verbose headers   vary: 'Accept-Encoding, Accept' }
125 silly get cb [ 304,
125 silly get   { date: 'Wed, 25 Oct 2017 08:47:10 GMT',
125 silly get     via: '1.1 varnish',
125 silly get     'cache-control': 'max-age=300',
125 silly get     etag: 'W/"59e8ab05-4b31"',
125 silly get     age: '0',
125 silly get     connection: 'keep-alive',
125 silly get     'x-served-by': 'cache-hhn1525-HHN',
125 silly get     'x-cache': 'HIT',
125 silly get     'x-cache-hits': '1',
125 silly get     'x-timer': 'S1508921231.924787,VS0,VE103',
125 silly get     vary: 'Accept-Encoding, Accept' } ]
126 verbose etag https://registry.npmjs.org/web3-shh from cache
127 verbose get saving web3-shh to C:\Users\Stepan Poperechnyi\AppData\Roaming\npm-cache\registry.npmjs.org\web3-shh\.cache.json
128 verbose correctMkdir C:\Users\Stepan Poperechnyi\AppData\Roaming\npm-cache correctMkdir not in flight; initializing
129 http 304 https://registry.npmjs.org/web3-bzz
130 verbose headers { date: 'Wed, 25 Oct 2017 08:47:10 GMT',
130 verbose headers   via: '1.1 varnish',
130 verbose headers   'cache-control': 'max-age=300',
130 verbose headers   etag: 'W/"59e9ca10-38db"',
130 verbose headers   age: '0',
130 verbose headers   connection: 'keep-alive',
130 verbose headers   'x-served-by': 'cache-hhn1549-HHN',
130 verbose headers   'x-cache': 'HIT',
130 verbose headers   'x-cache-hits': '1',
130 verbose headers   'x-timer': 'S1508921231.923918,VS0,VE103',
130 verbose headers   vary: 'Accept-Encoding, Accept' }
131 silly get cb [ 304,
131 silly get   { date: 'Wed, 25 Oct 2017 08:47:10 GMT',
131 silly get     via: '1.1 varnish',
131 silly get     'cache-control': 'max-age=300',
131 silly get     etag: 'W/"59e9ca10-38db"',
131 silly get     age: '0',
131 silly get     connection: 'keep-alive',
131 silly get     'x-served-by': 'cache-hhn1549-HHN',
131 silly get     'x-cache': 'HIT',
131 silly get     'x-cache-hits': '1',
131 silly get     'x-timer': 'S1508921231.923918,VS0,VE103',
131 silly get     vary: 'Accept-Encoding, Accept' } ]
132 verbose etag https://registry.npmjs.org/web3-bzz from cache
133 verbose get saving web3-bzz to C:\Users\Stepan Poperechnyi\AppData\Roaming\npm-cache\registry.npmjs.org\web3-bzz\.cache.json
134 verbose correctMkdir C:\Users\Stepan Poperechnyi\AppData\Roaming\npm-cache correctMkdir not in flight; initializing
135 http 304 https://registry.npmjs.org/web3-eth-personal
136 verbose headers { date: 'Wed, 25 Oct 2017 08:47:10 GMT',
136 verbose headers   via: '1.1 varnish',
136 verbose headers   'cache-control': 'max-age=300',
136 verbose headers   etag: 'W/"59e9ca9a-5a84"',
136 verbose headers   age: '0',
136 verbose headers   connection: 'keep-alive',
136 verbose headers   'x-served-by': 'cache-hhn1550-HHN',
136 verbose headers   'x-cache': 'HIT',
136 verbose headers   'x-cache-hits': '1',
136 verbose headers   'x-timer': 'S1508921231.951242,VS0,VE95',
136 verbose headers   vary: 'Accept-Encoding, Accept' }
137 silly get cb [ 304,
137 silly get   { date: 'Wed, 25 Oct 2017 08:47:10 GMT',
137 silly get     via: '1.1 varnish',
137 silly get     'cache-control': 'max-age=300',
137 silly get     etag: 'W/"59e9ca9a-5a84"',
137 silly get     age: '0',
137 silly get     connection: 'keep-alive',
137 silly get     'x-served-by': 'cache-hhn1550-HHN',
137 silly get     'x-cache': 'HIT',
137 silly get     'x-cache-hits': '1',
137 silly get     'x-timer': 'S1508921231.951242,VS0,VE95',
137 silly get     vary: 'Accept-Encoding, Accept' } ]
138 verbose etag https://registry.npmjs.org/web3-eth-personal from cache
139 verbose get saving web3-eth-personal to C:\Users\Stepan Poperechnyi\AppData\Roaming\npm-cache\registry.npmjs.org\web3-eth-personal\.cache.json
140 verbose correctMkdir C:\Users\Stepan Poperechnyi\AppData\Roaming\npm-cache correctMkdir not in flight; initializing
141 verbose outdated not updating scryptsy because it's currently at the maximum version that matches its specified semver range
142 info outdated updating [ { dep:
142 info outdated      Node {
142 info outdated        id: 431,
142 info outdated        package: [Object],
142 info outdated        path: 'D:\\Compiled contract\\truffle deploy\\node_modules\\web3-bzz',
142 info outdated        realpath: 'D:\\Compiled contract\\truffle deploy\\node_modules\\web3-bzz',
142 info outdated        parent: [Object],
142 info outdated        isLink: false,
142 info outdated        children: [Object],
142 info outdated        error: null,
142 info outdated        loaded: false,
142 info outdated        requiredBy: [],
142 info outdated        requires: [Object],
142 info outdated        missingDeps: {},
142 info outdated        missingDevDeps: {},
142 info outdated        phantomChildren: {},
142 info outdated        location: '/web3-bzz',
142 info outdated        userRequired: false,
142 info outdated        existing: false,
142 info outdated        isTop: false,
142 info outdated        resolved: [Object] },
142 info outdated     depname: 'web3-bzz',
142 info outdated     current: '1.0.0-beta.22',
142 info outdated     wanted: '1.1.0',
142 info outdated     latest: '1.0.0-beta.22',
142 info outdated     req: '>=1.0.0-beta.22 <2.0.0',
142 info outdated     what: 'web3-bzz@1.1.0' },
142 info outdated   { dep:
142 info outdated      Node {
142 info outdated        id: 440,
142 info outdated        package: [Object],
142 info outdated        path: 'D:\\Compiled contract\\truffle deploy\\node_modules\\web3-eth-contract',
142 info outdated        realpath: 'D:\\Compiled contract\\truffle deploy\\node_modules\\web3-eth-contract',
142 info outdated        parent: [Object],
142 info outdated        isLink: false,
142 info outdated        children: [Object],
142 info outdated        error: null,
142 info outdated        loaded: false,
142 info outdated        requiredBy: [],
142 info outdated        requires: [Object],
142 info outdated        missingDeps: {},
142 info outdated        missingDevDeps: {},
142 info outdated        phantomChildren: {},
142 info outdated        location: '/web3-eth-contract',
142 info outdated        userRequired: false,
142 info outdated        existing: false,
142 info outdated        isTop: false,
142 info outdated        resolved: [Object] },
142 info outdated     depname: 'web3-eth-contract',
142 info outdated     current: '1.0.0-beta.24',
142 info outdated     wanted: '1.1.0',
142 info outdated     latest: '1.0.0-beta.24',
142 info outdated     req: '>=1.0.0-beta.24 <2.0.0',
142 info outdated     what: 'web3-eth-contract@1.1.0' },
142 info outdated   { dep:
142 info outdated      Node {
142 info outdated        id: 441,
142 info outdated        package: [Object],
142 info outdated        path: 'D:\\Compiled contract\\truffle deploy\\node_modules\\web3-eth-personal',
142 info outdated        realpath: 'D:\\Compiled contract\\truffle deploy\\node_modules\\web3-eth-personal',
142 info outdated        parent: [Object],
142 info outdated        isLink: false,
142 info outdated        children: [Object],
142 info outdated        error: null,
142 info outdated        loaded: false,
142 info outdated        requiredBy: [],
142 info outdated        requires: [Object],
142 info outdated        missingDeps: {},
142 info outdated        missingDevDeps: {},
142 info outdated        phantomChildren: {},
142 info outdated        location: '/web3-eth-personal',
142 info outdated        userRequired: false,
142 info outdated        existing: false,
142 info outdated        isTop: false,
142 info outdated        resolved: [Object] },
142 info outdated     depname: 'web3-eth-personal',
142 info outdated     current: '1.0.0-beta.24',
142 info outdated     wanted: '1.1.0',
142 info outdated     latest: '1.0.0-beta.24',
142 info outdated     req: '>=1.0.0-beta.24 <2.0.0',
142 info outdated     what: 'web3-eth-personal@1.1.0' } ]
143 silly loadCurrentTree Starting
144 silly install loadCurrentTree
145 silly install readLocalPackageData
146 silly fetchPackageMetaData web3-bzz@1.1.0
147 silly fetchPackageMetaData web3-eth-contract@1.1.0
148 silly fetchPackageMetaData web3-eth-personal@1.1.0
149 silly fetchNamedPackageData web3-bzz
150 silly mapToRegistry name web3-bzz
151 silly mapToRegistry using default registry
152 silly mapToRegistry registry https://registry.npmjs.org/
153 silly mapToRegistry data Result {
153 silly mapToRegistry   raw: 'web3-bzz',
153 silly mapToRegistry   scope: null,
153 silly mapToRegistry   escapedName: 'web3-bzz',
153 silly mapToRegistry   name: 'web3-bzz',
153 silly mapToRegistry   rawSpec: '',
153 silly mapToRegistry   spec: 'latest',
153 silly mapToRegistry   type: 'tag' }
154 silly mapToRegistry uri https://registry.npmjs.org/web3-bzz
155 silly fetchNamedPackageData web3-eth-contract
156 silly mapToRegistry name web3-eth-contract
157 silly mapToRegistry using default registry
158 silly mapToRegistry registry https://registry.npmjs.org/
159 silly mapToRegistry data Result {
159 silly mapToRegistry   raw: 'web3-eth-contract',
159 silly mapToRegistry   scope: null,
159 silly mapToRegistry   escapedName: 'web3-eth-contract',
159 silly mapToRegistry   name: 'web3-eth-contract',
159 silly mapToRegistry   rawSpec: '',
159 silly mapToRegistry   spec: 'latest',
159 silly mapToRegistry   type: 'tag' }
160 silly mapToRegistry uri https://registry.npmjs.org/web3-eth-contract
161 silly fetchNamedPackageData web3-eth-personal
162 silly mapToRegistry name web3-eth-personal
163 silly mapToRegistry using default registry
164 silly mapToRegistry registry https://registry.npmjs.org/
165 silly mapToRegistry data Result {
165 silly mapToRegistry   raw: 'web3-eth-personal',
165 silly mapToRegistry   scope: null,
165 silly mapToRegistry   escapedName: 'web3-eth-personal',
165 silly mapToRegistry   name: 'web3-eth-personal',
165 silly mapToRegistry   rawSpec: '',
165 silly mapToRegistry   spec: 'latest',
165 silly mapToRegistry   type: 'tag' }
166 silly mapToRegistry uri https://registry.npmjs.org/web3-eth-personal
167 verbose get https://registry.npmjs.org/web3-bzz not expired, no request
168 verbose get https://registry.npmjs.org/web3-eth-contract not expired, no request
169 verbose get https://registry.npmjs.org/web3-eth-personal not expired, no request
170 silly install normalizeTree
171 silly loadCurrentTree Finishing
172 silly loadIdealTree Starting
173 silly install loadIdealTree
174 silly cloneCurrentTree Starting
175 silly install cloneCurrentTreeToIdealTree
176 silly cloneCurrentTree Finishing
177 silly loadShrinkwrap Starting
178 silly install loadShrinkwrap
179 silly loadShrinkwrap Finishing
180 silly loadAllDepsIntoIdealTree Starting
181 silly install loadAllDepsIntoIdealTree
182 silly resolveWithNewModule web3-bzz@1.1.0 checking installable status
183 silly cache add args [ 'web3-bzz@1.1.0', null ]
184 verbose cache add spec web3-bzz@1.1.0
185 silly resolveWithNewModule web3-eth-contract@1.1.0 checking installable status
186 silly cache add args [ 'web3-eth-contract@1.1.0', null ]
187 verbose cache add spec web3-eth-contract@1.1.0
188 silly resolveWithNewModule web3-eth-personal@1.1.0 checking installable status
189 silly cache add args [ 'web3-eth-personal@1.1.0', null ]
190 verbose cache add spec web3-eth-personal@1.1.0
191 silly cache add parsed spec Result {
191 silly cache add   raw: 'web3-bzz@1.1.0',
191 silly cache add   scope: null,
191 silly cache add   escapedName: 'web3-bzz',
191 silly cache add   name: 'web3-bzz',
191 silly cache add   rawSpec: '1.1.0',
191 silly cache add   spec: '1.1.0',
191 silly cache add   type: 'version' }
192 silly addNamed web3-bzz@1.1.0
193 verbose addNamed "1.1.0" is a plain semver version for web3-bzz
194 silly mapToRegistry name web3-bzz
195 silly mapToRegistry using default registry
196 silly mapToRegistry registry https://registry.npmjs.org/
197 silly mapToRegistry data Result {
197 silly mapToRegistry   raw: 'web3-bzz',
197 silly mapToRegistry   scope: null,
197 silly mapToRegistry   escapedName: 'web3-bzz',
197 silly mapToRegistry   name: 'web3-bzz',
197 silly mapToRegistry   rawSpec: '',
197 silly mapToRegistry   spec: 'latest',
197 silly mapToRegistry   type: 'tag' }
198 silly mapToRegistry uri https://registry.npmjs.org/web3-bzz
199 verbose addNameVersion registry:https://registry.npmjs.org/web3-bzz not in flight; fetching
200 silly cache add parsed spec Result {
200 silly cache add   raw: 'web3-eth-contract@1.1.0',
200 silly cache add   scope: null,
200 silly cache add   escapedName: 'web3-eth-contract',
200 silly cache add   name: 'web3-eth-contract',
200 silly cache add   rawSpec: '1.1.0',
200 silly cache add   spec: '1.1.0',
200 silly cache add   type: 'version' }
201 silly addNamed web3-eth-contract@1.1.0
202 verbose addNamed "1.1.0" is a plain semver version for web3-eth-contract
203 silly mapToRegistry name web3-eth-contract
204 silly mapToRegistry using default registry
205 silly mapToRegistry registry https://registry.npmjs.org/
206 silly mapToRegistry data Result {
206 silly mapToRegistry   raw: 'web3-eth-contract',
206 silly mapToRegistry   scope: null,
206 silly mapToRegistry   escapedName: 'web3-eth-contract',
206 silly mapToRegistry   name: 'web3-eth-contract',
206 silly mapToRegistry   rawSpec: '',
206 silly mapToRegistry   spec: 'latest',
206 silly mapToRegistry   type: 'tag' }
207 silly mapToRegistry uri https://registry.npmjs.org/web3-eth-contract
208 verbose addNameVersion registry:https://registry.npmjs.org/web3-eth-contract not in flight; fetching
209 silly cache add parsed spec Result {
209 silly cache add   raw: 'web3-eth-personal@1.1.0',
209 silly cache add   scope: null,
209 silly cache add   escapedName: 'web3-eth-personal',
209 silly cache add   name: 'web3-eth-personal',
209 silly cache add   rawSpec: '1.1.0',
209 silly cache add   spec: '1.1.0',
209 silly cache add   type: 'version' }
210 silly addNamed web3-eth-personal@1.1.0
211 verbose addNamed "1.1.0" is a plain semver version for web3-eth-personal
212 silly mapToRegistry name web3-eth-personal
213 silly mapToRegistry using default registry
214 silly mapToRegistry registry https://registry.npmjs.org/
215 silly mapToRegistry data Result {
215 silly mapToRegistry   raw: 'web3-eth-personal',
215 silly mapToRegistry   scope: null,
215 silly mapToRegistry   escapedName: 'web3-eth-personal',
215 silly mapToRegistry   name: 'web3-eth-personal',
215 silly mapToRegistry   rawSpec: '',
215 silly mapToRegistry   spec: 'latest',
215 silly mapToRegistry   type: 'tag' }
216 silly mapToRegistry uri https://registry.npmjs.org/web3-eth-personal
217 verbose addNameVersion registry:https://registry.npmjs.org/web3-eth-personal not in flight; fetching
218 verbose get https://registry.npmjs.org/web3-bzz not expired, no request
219 verbose get https://registry.npmjs.org/web3-eth-contract not expired, no request
220 verbose get https://registry.npmjs.org/web3-eth-personal not expired, no request
221 silly mapToRegistry name web3-bzz
222 silly mapToRegistry using default registry
223 silly mapToRegistry registry https://registry.npmjs.org/
224 silly mapToRegistry data Result {
224 silly mapToRegistry   raw: 'web3-bzz',
224 silly mapToRegistry   scope: null,
224 silly mapToRegistry   escapedName: 'web3-bzz',
224 silly mapToRegistry   name: 'web3-bzz',
224 silly mapToRegistry   rawSpec: '',
224 silly mapToRegistry   spec: 'latest',
224 silly mapToRegistry   type: 'tag' }
225 silly mapToRegistry uri https://registry.npmjs.org/web3-bzz
226 verbose addRemoteTarball https://registry.npmjs.org/web3-bzz/-/web3-bzz-1.1.0.tgz not in flight; adding
227 verbose addRemoteTarball [ 'https://registry.npmjs.org/web3-bzz/-/web3-bzz-1.1.0.tgz',
227 verbose addRemoteTarball   'b4cb544fb10c893678d477a7184393374f4ee075' ]
228 silly mapToRegistry name web3-eth-contract
229 silly mapToRegistry using default registry
230 silly mapToRegistry registry https://registry.npmjs.org/
231 silly mapToRegistry data Result {
231 silly mapToRegistry   raw: 'web3-eth-contract',
231 silly mapToRegistry   scope: null,
231 silly mapToRegistry   escapedName: 'web3-eth-contract',
231 silly mapToRegistry   name: 'web3-eth-contract',
231 silly mapToRegistry   rawSpec: '',
231 silly mapToRegistry   spec: 'latest',
231 silly mapToRegistry   type: 'tag' }
232 silly mapToRegistry uri https://registry.npmjs.org/web3-eth-contract
233 verbose addRemoteTarball https://registry.npmjs.org/web3-eth-contract/-/web3-eth-contract-1.1.0.tgz not in flight; adding
234 verbose addRemoteTarball [ 'https://registry.npmjs.org/web3-eth-contract/-/web3-eth-contract-1.1.0.tgz',
234 verbose addRemoteTarball   '216f02671a61a52f6f21fac9f51092e72ae95d02' ]
235 silly mapToRegistry name web3-eth-personal
236 silly mapToRegistry using default registry
237 silly mapToRegistry registry https://registry.npmjs.org/
238 silly mapToRegistry data Result {
238 silly mapToRegistry   raw: 'web3-eth-personal',
238 silly mapToRegistry   scope: null,
238 silly mapToRegistry   escapedName: 'web3-eth-personal',
238 silly mapToRegistry   name: 'web3-eth-personal',
238 silly mapToRegistry   rawSpec: '',
238 silly mapToRegistry   spec: 'latest',
238 silly mapToRegistry   type: 'tag' }
239 silly mapToRegistry uri https://registry.npmjs.org/web3-eth-personal
240 verbose addRemoteTarball https://registry.npmjs.org/web3-eth-personal/-/web3-eth-personal-1.1.0.tgz not in flight; adding
241 verbose addRemoteTarball [ 'https://registry.npmjs.org/web3-eth-personal/-/web3-eth-personal-1.1.0.tgz',
241 verbose addRemoteTarball   '7abc8c39929c25683dbc380f9bc3b1d53c029689' ]
242 info retry fetch attempt 1 at 11:47:11 AM
243 info attempt registry request try #1 at 11:47:11 AM
244 http fetch GET https://registry.npmjs.org/web3-eth-contract/-/web3-eth-contract-1.1.0.tgz
245 info retry fetch attempt 1 at 11:47:11 AM
246 info attempt registry request try #1 at 11:47:11 AM
247 http fetch GET https://registry.npmjs.org/web3-bzz/-/web3-bzz-1.1.0.tgz
248 info retry fetch attempt 1 at 11:47:11 AM
249 info attempt registry request try #1 at 11:47:11 AM
250 http fetch GET https://registry.npmjs.org/web3-eth-personal/-/web3-eth-personal-1.1.0.tgz
251 http fetch 200 https://registry.npmjs.org/web3-eth-contract/-/web3-eth-contract-1.1.0.tgz
252 http fetch 200 https://registry.npmjs.org/web3-bzz/-/web3-bzz-1.1.0.tgz
253 silly fetchAndShaCheck shasum b4cb544fb10c893678d477a7184393374f4ee075
254 silly fetchAndShaCheck shasum 216f02671a61a52f6f21fac9f51092e72ae95d02
255 verbose addTmpTarball C:\Users\STEPAN~1\AppData\Local\Temp\npm-2968-c6f2efc9\registry.npmjs.org\web3-bzz\-\web3-bzz-1.1.0.tgz not in flight; adding
256 verbose addTmpTarball already have metadata; skipping unpack for web3-bzz@1.1.0
257 verbose correctMkdir C:\Users\Stepan Poperechnyi\AppData\Roaming\npm-cache correctMkdir not in flight; initializing
258 verbose addTmpTarball C:\Users\STEPAN~1\AppData\Local\Temp\npm-2968-c6f2efc9\registry.npmjs.org\web3-eth-contract\-\web3-eth-contract-1.1.0.tgz not in flight; adding
259 verbose addTmpTarball already have metadata; skipping unpack for web3-eth-contract@1.1.0
260 verbose correctMkdir C:\Users\Stepan Poperechnyi\AppData\Roaming\npm-cache correctMkdir not in flight; initializing
261 http fetch 200 https://registry.npmjs.org/web3-eth-personal/-/web3-eth-personal-1.1.0.tgz
262 silly fetchAndShaCheck shasum 7abc8c39929c25683dbc380f9bc3b1d53c029689
263 verbose addTmpTarball C:\Users\STEPAN~1\AppData\Local\Temp\npm-2968-c6f2efc9\registry.npmjs.org\web3-eth-personal\-\web3-eth-personal-1.1.0.tgz not in flight; adding
264 verbose addTmpTarball already have metadata; skipping unpack for web3-eth-personal@1.1.0
265 verbose correctMkdir C:\Users\Stepan Poperechnyi\AppData\Roaming\npm-cache correctMkdir not in flight; initializing
266 silly cache afterAdd web3-bzz@1.1.0
267 verbose afterAdd C:\Users\Stepan Poperechnyi\AppData\Roaming\npm-cache\web3-bzz\1.1.0\package\package.json not in flight; writing
268 verbose correctMkdir C:\Users\Stepan Poperechnyi\AppData\Roaming\npm-cache correctMkdir not in flight; initializing
269 silly cache afterAdd web3-eth-contract@1.1.0
270 verbose afterAdd C:\Users\Stepan Poperechnyi\AppData\Roaming\npm-cache\web3-eth-contract\1.1.0\package\package.json not in flight; writing
271 verbose correctMkdir C:\Users\Stepan Poperechnyi\AppData\Roaming\npm-cache correctMkdir not in flight; initializing
272 verbose afterAdd C:\Users\Stepan Poperechnyi\AppData\Roaming\npm-cache\web3-bzz\1.1.0\package\package.json written
273 verbose afterAdd C:\Users\Stepan Poperechnyi\AppData\Roaming\npm-cache\web3-eth-contract\1.1.0\package\package.json written
274 silly cache afterAdd web3-eth-personal@1.1.0
275 verbose afterAdd C:\Users\Stepan Poperechnyi\AppData\Roaming\npm-cache\web3-eth-personal\1.1.0\package\package.json not in flight; writing
276 verbose correctMkdir C:\Users\Stepan Poperechnyi\AppData\Roaming\npm-cache correctMkdir not in flight; initializing
277 verbose afterAdd C:\Users\Stepan Poperechnyi\AppData\Roaming\npm-cache\web3-eth-personal\1.1.0\package\package.json written
278 silly fetchNamedPackageData web3-core
279 silly mapToRegistry name web3-core
280 silly mapToRegistry using default registry
281 silly mapToRegistry registry https://registry.npmjs.org/
282 silly mapToRegistry data Result {
282 silly mapToRegistry   raw: 'web3-core',
282 silly mapToRegistry   scope: null,
282 silly mapToRegistry   escapedName: 'web3-core',
282 silly mapToRegistry   name: 'web3-core',
282 silly mapToRegistry   rawSpec: '',
282 silly mapToRegistry   spec: 'latest',
282 silly mapToRegistry   type: 'tag' }
283 silly mapToRegistry uri https://registry.npmjs.org/web3-core
284 silly fetchNamedPackageData web3-core-method
285 silly mapToRegistry name web3-core-method
286 silly mapToRegistry using default registry
287 silly mapToRegistry registry https://registry.npmjs.org/
288 silly mapToRegistry data Result {
288 silly mapToRegistry   raw: 'web3-core-method',
288 silly mapToRegistry   scope: null,
288 silly mapToRegistry   escapedName: 'web3-core-method',
288 silly mapToRegistry   name: 'web3-core-method',
288 silly mapToRegistry   rawSpec: '',
288 silly mapToRegistry   spec: 'latest',
288 silly mapToRegistry   type: 'tag' }
289 silly mapToRegistry uri https://registry.npmjs.org/web3-core-method
290 silly fetchNamedPackageData web3-net
291 silly mapToRegistry name web3-net
292 silly mapToRegistry using default registry
293 silly mapToRegistry registry https://registry.npmjs.org/
294 silly mapToRegistry data Result {
294 silly mapToRegistry   raw: 'web3-net',
294 silly mapToRegistry   scope: null,
294 silly mapToRegistry   escapedName: 'web3-net',
294 silly mapToRegistry   name: 'web3-net',
294 silly mapToRegistry   rawSpec: '',
294 silly mapToRegistry   spec: 'latest',
294 silly mapToRegistry   type: 'tag' }
295 silly mapToRegistry uri https://registry.npmjs.org/web3-net
296 verbose request uri https://registry.npmjs.org/web3-core
297 verbose request no auth needed
298 info attempt registry request try #1 at 11:47:11 AM
299 verbose etag W/"59e9c89a-5412"
300 verbose lastModified Fri, 20 Oct 2017 09:57:46 GMT
301 http request GET https://registry.npmjs.org/web3-core
302 verbose request uri https://registry.npmjs.org/web3-core-method
303 verbose request no auth needed
304 info attempt registry request try #1 at 11:47:11 AM
305 verbose etag W/"59e9ca13-59c3"
306 verbose lastModified Fri, 20 Oct 2017 10:04:03 GMT
307 http request GET https://registry.npmjs.org/web3-core-method
308 verbose request uri https://registry.npmjs.org/web3-net
309 verbose request no auth needed
310 info attempt registry request try #1 at 11:47:11 AM
311 verbose etag W/"59e8ab01-4cb2"
312 verbose lastModified Thu, 19 Oct 2017 13:39:13 GMT
313 http request GET https://registry.npmjs.org/web3-net
314 http 304 https://registry.npmjs.org/web3-core
315 verbose headers { date: 'Wed, 25 Oct 2017 08:47:12 GMT',
315 verbose headers   via: '1.1 varnish',
315 verbose headers   'cache-control': 'max-age=300',
315 verbose headers   etag: 'W/"59e9c89a-5412"',
315 verbose headers   age: '0',
315 verbose headers   connection: 'keep-alive',
315 verbose headers   'x-served-by': 'cache-hhn1543-HHN',
315 verbose headers   'x-cache': 'HIT',
315 verbose headers   'x-cache-hits': '1',
315 verbose headers   'x-timer': 'S1508921233.802552,VS0,VE2',
315 verbose headers   vary: 'Accept-Encoding, Accept' }
316 silly get cb [ 304,
316 silly get   { date: 'Wed, 25 Oct 2017 08:47:12 GMT',
316 silly get     via: '1.1 varnish',
316 silly get     'cache-control': 'max-age=300',
316 silly get     etag: 'W/"59e9c89a-5412"',
316 silly get     age: '0',
316 silly get     connection: 'keep-alive',
316 silly get     'x-served-by': 'cache-hhn1543-HHN',
316 silly get     'x-cache': 'HIT',
316 silly get     'x-cache-hits': '1',
316 silly get     'x-timer': 'S1508921233.802552,VS0,VE2',
316 silly get     vary: 'Accept-Encoding, Accept' } ]
317 verbose etag https://registry.npmjs.org/web3-core from cache
318 verbose get saving web3-core to C:\Users\Stepan Poperechnyi\AppData\Roaming\npm-cache\registry.npmjs.org\web3-core\.cache.json
319 verbose correctMkdir C:\Users\Stepan Poperechnyi\AppData\Roaming\npm-cache correctMkdir not in flight; initializing
320 http 304 https://registry.npmjs.org/web3-net
321 verbose headers { date: 'Wed, 25 Oct 2017 08:47:12 GMT',
321 verbose headers   via: '1.1 varnish',
321 verbose headers   'cache-control': 'max-age=300',
321 verbose headers   etag: 'W/"59e8ab01-4cb2"',
321 verbose headers   age: '0',
321 verbose headers   connection: 'keep-alive',
321 verbose headers   'x-served-by': 'cache-hhn1525-HHN',
321 verbose headers   'x-cache': 'HIT',
321 verbose headers   'x-cache-hits': '1',
321 verbose headers   'x-timer': 'S1508921233.806402,VS0,VE2',
321 verbose headers   vary: 'Accept-Encoding, Accept' }
322 silly get cb [ 304,
322 silly get   { date: 'Wed, 25 Oct 2017 08:47:12 GMT',
322 silly get     via: '1.1 varnish',
322 silly get     'cache-control': 'max-age=300',
322 silly get     etag: 'W/"59e8ab01-4cb2"',
322 silly get     age: '0',
322 silly get     connection: 'keep-alive',
322 silly get     'x-served-by': 'cache-hhn1525-HHN',
322 silly get     'x-cache': 'HIT',
322 silly get     'x-cache-hits': '1',
322 silly get     'x-timer': 'S1508921233.806402,VS0,VE2',
322 silly get     vary: 'Accept-Encoding, Accept' } ]
323 verbose etag https://registry.npmjs.org/web3-net from cache
324 verbose get saving web3-net to C:\Users\Stepan Poperechnyi\AppData\Roaming\npm-cache\registry.npmjs.org\web3-net\.cache.json
325 verbose correctMkdir C:\Users\Stepan Poperechnyi\AppData\Roaming\npm-cache correctMkdir not in flight; initializing
326 silly resolveWithNewModule web3-core@1.1.0 checking installable status
327 silly cache add args [ 'web3-core@^1.1.0', null ]
328 verbose cache add spec web3-core@^1.1.0
329 silly cache add parsed spec Result {
329 silly cache add   raw: 'web3-core@^1.1.0',
329 silly cache add   scope: null,
329 silly cache add   escapedName: 'web3-core',
329 silly cache add   name: 'web3-core',
329 silly cache add   rawSpec: '^1.1.0',
329 silly cache add   spec: '>=1.1.0 <2.0.0',
329 silly cache add   type: 'range' }
330 silly addNamed web3-core@>=1.1.0 <2.0.0
331 verbose addNamed ">=1.1.0 <2.0.0" is a valid semver range for web3-core
332 silly addNameRange { name: 'web3-core', range: '>=1.1.0 <2.0.0', hasData: false }
333 silly mapToRegistry name web3-core
334 silly mapToRegistry using default registry
335 silly mapToRegistry registry https://registry.npmjs.org/
336 silly mapToRegistry data Result {
336 silly mapToRegistry   raw: 'web3-core',
336 silly mapToRegistry   scope: null,
336 silly mapToRegistry   escapedName: 'web3-core',
336 silly mapToRegistry   name: 'web3-core',
336 silly mapToRegistry   rawSpec: '',
336 silly mapToRegistry   spec: 'latest',
336 silly mapToRegistry   type: 'tag' }
337 silly mapToRegistry uri https://registry.npmjs.org/web3-core
338 verbose addNameRange registry:https://registry.npmjs.org/web3-core not in flight; fetching
339 silly fetchNamedPackageData No valid target from cache, forcing network
340 verbose request uri https://registry.npmjs.org/web3-net
341 verbose request no auth needed
342 info attempt registry request try #1 at 11:47:12 AM
343 http request GET https://registry.npmjs.org/web3-net
344 verbose get https://registry.npmjs.org/web3-core not expired, no request
345 silly addNameRange number 2 { name: 'web3-core', range: '>=1.1.0 <2.0.0', hasData: true }
346 silly addNameRange versions [ 'web3-core',
346 silly addNameRange   [ '1.0.9',
346 silly addNameRange     '1.1.0',
346 silly addNameRange     '1.0.0-beta.8',
346 silly addNameRange     '1.0.0-beta.9',
346 silly addNameRange     '1.0.0-beta.10',
346 silly addNameRange     '1.0.0-beta.11',
346 silly addNameRange     '1.0.0-beta.12',
346 silly addNameRange     '1.0.0-beta.13',
346 silly addNameRange     '1.0.0-beta.14',
346 silly addNameRange     '1.0.0-beta.15',
346 silly addNameRange     '1.0.0-beta.16',
346 silly addNameRange     '1.0.0-beta.17',
346 silly addNameRange     '1.0.0-beta.18',
346 silly addNameRange     '1.0.0-beta.19',
346 silly addNameRange     '1.0.0-beta.20',
346 silly addNameRange     '1.0.0-beta.21',
346 silly addNameRange     '1.0.0-beta.22',
346 silly addNameRange     '1.0.0-beta.23',
346 silly addNameRange     '1.0.0-beta.24' ] ]
347 silly addNamed web3-core@1.1.0
348 verbose addNamed "1.1.0" is a plain semver version for web3-core
349 silly mapToRegistry name web3-core
350 silly mapToRegistry using default registry
351 silly mapToRegistry registry https://registry.npmjs.org/
352 silly mapToRegistry data Result {
352 silly mapToRegistry   raw: 'web3-core',
352 silly mapToRegistry   scope: null,
352 silly mapToRegistry   escapedName: 'web3-core',
352 silly mapToRegistry   name: 'web3-core',
352 silly mapToRegistry   rawSpec: '',
352 silly mapToRegistry   spec: 'latest',
352 silly mapToRegistry   type: 'tag' }
353 silly mapToRegistry uri https://registry.npmjs.org/web3-core
354 verbose addRemoteTarball https://registry.npmjs.org/web3-core/-/web3-core-1.1.0.tgz not in flight; adding
355 verbose addRemoteTarball [ 'https://registry.npmjs.org/web3-core/-/web3-core-1.1.0.tgz',
355 verbose addRemoteTarball   '99b5baba823f6cae3780ac4704a738033a0bd159' ]
356 info retry fetch attempt 1 at 11:47:12 AM
357 info attempt registry request try #1 at 11:47:12 AM
358 http fetch GET https://registry.npmjs.org/web3-core/-/web3-core-1.1.0.tgz
359 http 200 https://registry.npmjs.org/web3-net
360 verbose headers { server: 'nginx/1.10.1',
360 verbose headers   'content-type': 'application/json',
360 verbose headers   'last-modified': 'Thu, 19 Oct 2017 13:39:13 GMT',
360 verbose headers   etag: 'W/"59e8ab01-4cb2"',
360 verbose headers   'content-encoding': 'gzip',
360 verbose headers   'cache-control': 'max-age=300',
360 verbose headers   'content-length': '2816',
360 verbose headers   'accept-ranges': 'bytes',
360 verbose headers   date: 'Wed, 25 Oct 2017 08:47:12 GMT',
360 verbose headers   via: '1.1 varnish',
360 verbose headers   age: '0',
360 verbose headers   connection: 'keep-alive',
360 verbose headers   'x-served-by': 'cache-hhn1549-HHN',
360 verbose headers   'x-cache': 'HIT',
360 verbose headers   'x-cache-hits': '1',
360 verbose headers   'x-timer': 'S1508921233.885447,VS0,VE0',
360 verbose headers   vary: 'Accept-Encoding, Accept' }
361 silly get cb [ 200,
361 silly get   { server: 'nginx/1.10.1',
361 silly get     'content-type': 'application/json',
361 silly get     'last-modified': 'Thu, 19 Oct 2017 13:39:13 GMT',
361 silly get     etag: 'W/"59e8ab01-4cb2"',
361 silly get     'content-encoding': 'gzip',
361 silly get     'cache-control': 'max-age=300',
361 silly get     'content-length': '2816',
361 silly get     'accept-ranges': 'bytes',
361 silly get     date: 'Wed, 25 Oct 2017 08:47:12 GMT',
361 silly get     via: '1.1 varnish',
361 silly get     age: '0',
361 silly get     connection: 'keep-alive',
361 silly get     'x-served-by': 'cache-hhn1549-HHN',
361 silly get     'x-cache': 'HIT',
361 silly get     'x-cache-hits': '1',
361 silly get     'x-timer': 'S1508921233.885447,VS0,VE0',
361 silly get     vary: 'Accept-Encoding, Accept' } ]
362 verbose get saving web3-net to C:\Users\Stepan Poperechnyi\AppData\Roaming\npm-cache\registry.npmjs.org\web3-net\.cache.json
363 verbose correctMkdir C:\Users\Stepan Poperechnyi\AppData\Roaming\npm-cache correctMkdir not in flight; initializing
364 silly fetchPackageMetaData Error: No compatible version found: web3-net@^1.1.0
364 silly fetchPackageMetaData Valid install targets:
364 silly fetchPackageMetaData 1.0.0, 1.0.0-beta.24, 1.0.0-beta.23, 1.0.0-beta.22, 1.0.0-beta.21, 1.0.0-beta.20, 1.0.0-beta.19, 1.0.0-beta.18, 1.0.0-beta.17, 1.0.0-beta.16, 1.0.0-beta.15, 1.0.0-beta.14, 1.0.0-beta.13, 1.0.0-beta.12, 1.0.0-beta.11, 1.0.0-beta.10, 1.0.0-beta.9, 1.0.0-beta.8
364 silly fetchPackageMetaData
364 silly fetchPackageMetaData     at pickVersionFromRegistryDocument (C:\Program Files\nodejs\node_modules\npm\lib\fetch-package-metadata.js:178:16)
364 silly fetchPackageMetaData     at C:\Program Files\nodejs\node_modules\npm\node_modules\iferr\index.js:13:50
364 silly fetchPackageMetaData     at C:\Program Files\nodejs\node_modules\npm\lib\utils\pulse-till-done.js:20:8
364 silly fetchPackageMetaData     at saved (C:\Program Files\nodejs\node_modules\npm\lib\cache\caching-client.js:174:7)
364 silly fetchPackageMetaData     at C:\Program Files\nodejs\node_modules\npm\node_modules\graceful-fs\polyfills.js:241:18
364 silly fetchPackageMetaData     at FSReqWrap.oncomplete (fs.js:123:15)
364 silly fetchPackageMetaData  error for web3-net@^1.1.0 { Error: No compatible version found: web3-net@^1.1.0
364 silly fetchPackageMetaData Valid install targets:
364 silly fetchPackageMetaData 1.0.0, 1.0.0-beta.24, 1.0.0-beta.23, 1.0.0-beta.22, 1.0.0-beta.21, 1.0.0-beta.20, 1.0.0-beta.19, 1.0.0-beta.18, 1.0.0-beta.17, 1.0.0-beta.16, 1.0.0-beta.15, 1.0.0-beta.14, 1.0.0-beta.13, 1.0.0-beta.12, 1.0.0-beta.11, 1.0.0-beta.10, 1.0.0-beta.9, 1.0.0-beta.8
364 silly fetchPackageMetaData
364 silly fetchPackageMetaData     at pickVersionFromRegistryDocument (C:\Program Files\nodejs\node_modules\npm\lib\fetch-package-metadata.js:178:16)
364 silly fetchPackageMetaData     at C:\Program Files\nodejs\node_modules\npm\node_modules\iferr\index.js:13:50
364 silly fetchPackageMetaData     at C:\Program Files\nodejs\node_modules\npm\lib\utils\pulse-till-done.js:20:8
364 silly fetchPackageMetaData     at saved (C:\Program Files\nodejs\node_modules\npm\lib\cache\caching-client.js:174:7)
364 silly fetchPackageMetaData     at C:\Program Files\nodejs\node_modules\npm\node_modules\graceful-fs\polyfills.js:241:18
364 silly fetchPackageMetaData     at FSReqWrap.oncomplete (fs.js:123:15) code: 'ETARGET' }
365 http 304 https://registry.npmjs.org/web3-core-method
366 verbose headers { date: 'Wed, 25 Oct 2017 08:47:12 GMT',
366 verbose headers   via: '1.1 varnish',
366 verbose headers   'cache-control': 'max-age=300',
366 verbose headers   etag: 'W/"59e9ca13-59c3"',
366 verbose headers   age: '0',
366 verbose headers   connection: 'keep-alive',
366 verbose headers   'x-served-by': 'cache-hhn1529-HHN',
366 verbose headers   'x-cache': 'HIT',
366 verbose headers   'x-cache-hits': '1',
366 verbose headers   'x-timer': 'S1508921233.800993,VS0,VE411',
366 verbose headers   vary: 'Accept-Encoding, Accept' }
367 silly get cb [ 304,
367 silly get   { date: 'Wed, 25 Oct 2017 08:47:12 GMT',
367 silly get     via: '1.1 varnish',
367 silly get     'cache-control': 'max-age=300',
367 silly get     etag: 'W/"59e9ca13-59c3"',
367 silly get     age: '0',
367 silly get     connection: 'keep-alive',
367 silly get     'x-served-by': 'cache-hhn1529-HHN',
367 silly get     'x-cache': 'HIT',
367 silly get     'x-cache-hits': '1',
367 silly get     'x-timer': 'S1508921233.800993,VS0,VE411',
367 silly get     vary: 'Accept-Encoding, Accept' } ]
368 verbose etag https://registry.npmjs.org/web3-core-method from cache
369 verbose get saving web3-core-method to C:\Users\Stepan Poperechnyi\AppData\Roaming\npm-cache\registry.npmjs.org\web3-core-method\.cache.json
370 verbose correctMkdir C:\Users\Stepan Poperechnyi\AppData\Roaming\npm-cache correctMkdir not in flight; initializing
371 silly resolveWithNewModule web3-core-method@1.1.0 checking installable status
372 silly cache add args [ 'web3-core-method@^1.1.0', null ]
373 verbose cache add spec web3-core-method@^1.1.0
374 silly cache add parsed spec Result {
374 silly cache add   raw: 'web3-core-method@^1.1.0',
374 silly cache add   scope: null,
374 silly cache add   escapedName: 'web3-core-method',
374 silly cache add   name: 'web3-core-method',
374 silly cache add   rawSpec: '^1.1.0',
374 silly cache add   spec: '>=1.1.0 <2.0.0',
374 silly cache add   type: 'range' }
375 silly addNamed web3-core-method@>=1.1.0 <2.0.0
376 verbose addNamed ">=1.1.0 <2.0.0" is a valid semver range for web3-core-method
377 silly addNameRange { name: 'web3-core-method',
377 silly addNameRange   range: '>=1.1.0 <2.0.0',
377 silly addNameRange   hasData: false }
378 silly mapToRegistry name web3-core-method
379 silly mapToRegistry using default registry
380 silly mapToRegistry registry https://registry.npmjs.org/
381 silly mapToRegistry data Result {
381 silly mapToRegistry   raw: 'web3-core-method',
381 silly mapToRegistry   scope: null,
381 silly mapToRegistry   escapedName: 'web3-core-method',
381 silly mapToRegistry   name: 'web3-core-method',
381 silly mapToRegistry   rawSpec: '',
381 silly mapToRegistry   spec: 'latest',
381 silly mapToRegistry   type: 'tag' }
382 silly mapToRegistry uri https://registry.npmjs.org/web3-core-method
383 verbose addNameRange registry:https://registry.npmjs.org/web3-core-method not in flight; fetching
384 verbose get https://registry.npmjs.org/web3-core-method not expired, no request
385 silly addNameRange number 2 { name: 'web3-core-method',
385 silly addNameRange   range: '>=1.1.0 <2.0.0',
385 silly addNameRange   hasData: true }
386 silly addNameRange versions [ 'web3-core-method',
386 silly addNameRange   [ '1.0.9',
386 silly addNameRange     '1.1.0',
386 silly addNameRange     '1.0.0-beta.8',
386 silly addNameRange     '1.0.0-beta.9',
386 silly addNameRange     '1.0.0-beta.10',
386 silly addNameRange     '1.0.0-beta.11',
386 silly addNameRange     '1.0.0-beta.12',
386 silly addNameRange     '1.0.0-beta.13',
386 silly addNameRange     '1.0.0-beta.14',
386 silly addNameRange     '1.0.0-beta.15',
386 silly addNameRange     '1.0.0-beta.16',
386 silly addNameRange     '1.0.0-beta.17',
386 silly addNameRange     '1.0.0-beta.18',
386 silly addNameRange     '1.0.0-beta.19',
386 silly addNameRange     '1.0.0-beta.20',
386 silly addNameRange     '1.0.0-beta.21',
386 silly addNameRange     '1.0.0-beta.22',
386 silly addNameRange     '1.0.0-beta.23',
386 silly addNameRange     '1.0.0-beta.24' ] ]
387 silly addNamed web3-core-method@1.1.0
388 verbose addNamed "1.1.0" is a plain semver version for web3-core-method
389 silly mapToRegistry name web3-core-method
390 silly mapToRegistry using default registry
391 silly mapToRegistry registry https://registry.npmjs.org/
392 silly mapToRegistry data Result {
392 silly mapToRegistry   raw: 'web3-core-method',
392 silly mapToRegistry   scope: null,
392 silly mapToRegistry   escapedName: 'web3-core-method',
392 silly mapToRegistry   name: 'web3-core-method',
392 silly mapToRegistry   rawSpec: '',
392 silly mapToRegistry   spec: 'latest',
392 silly mapToRegistry   type: 'tag' }
393 silly mapToRegistry uri https://registry.npmjs.org/web3-core-method
394 verbose addRemoteTarball https://registry.npmjs.org/web3-core-method/-/web3-core-method-1.1.0.tgz not in flight; adding
395 verbose addRemoteTarball [ 'https://registry.npmjs.org/web3-core-method/-/web3-core-method-1.1.0.tgz',
395 verbose addRemoteTarball   'cdecf83c1893b690ae4f9203c809899ec15f76ca' ]
396 info retry fetch attempt 1 at 11:47:12 AM
397 info attempt registry request try #1 at 11:47:12 AM
398 http fetch GET https://registry.npmjs.org/web3-core-method/-/web3-core-method-1.1.0.tgz
399 http fetch 200 https://registry.npmjs.org/web3-core/-/web3-core-1.1.0.tgz
400 silly fetchAndShaCheck shasum 99b5baba823f6cae3780ac4704a738033a0bd159
401 verbose addTmpTarball C:\Users\STEPAN~1\AppData\Local\Temp\npm-2968-c6f2efc9\registry.npmjs.org\web3-core\-\web3-core-1.1.0.tgz not in flight; adding
402 verbose addTmpTarball already have metadata; skipping unpack for web3-core@1.1.0
403 verbose correctMkdir C:\Users\Stepan Poperechnyi\AppData\Roaming\npm-cache correctMkdir not in flight; initializing
404 silly cache afterAdd web3-core@1.1.0
405 verbose afterAdd C:\Users\Stepan Poperechnyi\AppData\Roaming\npm-cache\web3-core\1.1.0\package\package.json not in flight; writing
406 verbose correctMkdir C:\Users\Stepan Poperechnyi\AppData\Roaming\npm-cache correctMkdir not in flight; initializing
407 verbose afterAdd C:\Users\Stepan Poperechnyi\AppData\Roaming\npm-cache\web3-core\1.1.0\package\package.json written
408 http fetch 200 https://registry.npmjs.org/web3-core-method/-/web3-core-method-1.1.0.tgz
409 silly fetchAndShaCheck shasum cdecf83c1893b690ae4f9203c809899ec15f76ca
410 verbose addTmpTarball C:\Users\STEPAN~1\AppData\Local\Temp\npm-2968-c6f2efc9\registry.npmjs.org\web3-core-method\-\web3-core-method-1.1.0.tgz not in flight; adding
411 verbose addTmpTarball already have metadata; skipping unpack for web3-core-method@1.1.0
412 verbose correctMkdir C:\Users\Stepan Poperechnyi\AppData\Roaming\npm-cache correctMkdir not in flight; initializing
413 silly cache afterAdd web3-core-method@1.1.0
414 verbose afterAdd C:\Users\Stepan Poperechnyi\AppData\Roaming\npm-cache\web3-core-method\1.1.0\package\package.json not in flight; writing
415 verbose correctMkdir C:\Users\Stepan Poperechnyi\AppData\Roaming\npm-cache correctMkdir not in flight; initializing
416 verbose afterAdd C:\Users\Stepan Poperechnyi\AppData\Roaming\npm-cache\web3-core-method\1.1.0\package\package.json written
417 silly rollbackFailedOptional Starting
418 silly rollbackFailedOptional Finishing
419 silly runTopLevelLifecycles Finishing
420 silly install printInstalled
421 verbose stack Error: No compatible version found: web3-net@^1.1.0
421 verbose stack Valid install targets:
421 verbose stack 1.0.0, 1.0.0-beta.24, 1.0.0-beta.23, 1.0.0-beta.22, 1.0.0-beta.21, 1.0.0-beta.20, 1.0.0-beta.19, 1.0.0-beta.18, 1.0.0-beta.17, 1.0.0-beta.16, 1.0.0-beta.15, 1.0.0-beta.14, 1.0.0-beta.13, 1.0.0-beta.12, 1.0.0-beta.11, 1.0.0-beta.10, 1.0.0-beta.9, 1.0.0-beta.8
421 verbose stack
421 verbose stack     at pickVersionFromRegistryDocument (C:\Program Files\nodejs\node_modules\npm\lib\fetch-package-metadata.js:178:16)
421 verbose stack     at C:\Program Files\nodejs\node_modules\npm\node_modules\iferr\index.js:13:50
421 verbose stack     at C:\Program Files\nodejs\node_modules\npm\lib\utils\pulse-till-done.js:20:8
421 verbose stack     at saved (C:\Program Files\nodejs\node_modules\npm\lib\cache\caching-client.js:174:7)
421 verbose stack     at C:\Program Files\nodejs\node_modules\npm\node_modules\graceful-fs\polyfills.js:241:18
421 verbose stack     at FSReqWrap.oncomplete (fs.js:123:15)
422 verbose cwd D:\Compiled contract\truffle deploy
423 error Windows_NT 10.0.15063
424 error argv "C:\\Program Files\\nodejs\\node.exe" "C:\\Program Files\\nodejs\\node_modules\\npm\\bin\\npm-cli.js" "update"
425 error node v6.11.3
426 error npm  v3.10.10
427 error code ETARGET
428 error notarget No compatible version found: web3-net@^1.1.0
428 error notarget Valid install targets:
428 error notarget 1.0.0, 1.0.0-beta.24, 1.0.0-beta.23, 1.0.0-beta.22, 1.0.0-beta.21, 1.0.0-beta.20, 1.0.0-beta.19, 1.0.0-beta.18, 1.0.0-beta.17, 1.0.0-beta.16, 1.0.0-beta.15, 1.0.0-beta.14, 1.0.0-beta.13, 1.0.0-beta.12, 1.0.0-beta.11, 1.0.0-beta.10, 1.0.0-beta.9, 1.0.0-beta.8
429 error notarget This is most likely not a problem with npm itself.
429 error notarget In most cases you or one of your dependencies are requesting
429 error notarget a package version that doesn't exist.
429 error notarget
429 error notarget It was specified as a dependency of 'web3-bzz'
430 verbose exit [ 1, true ]
